INFO:     Will watch for changes in these directories: ['/home/workspace']
INFO:     Uvicorn running on http://0.0.0.0:8000 (Press CTRL+C to quit)
INFO:     Started reloader process [397] using StatReload
/usr/local/lib/python3.13/site-packages/pydantic/_internal/_generate_schema.py:2249: UnsupportedFieldAttributeWarning: The 'alias' attribute with value 'grant_type' was provided to the `Field()` function, which has no effect in the context it was used. 'alias' is field-specific metadata, and can only be attached to a model field using `Annotated` metadata or by assignment. This may have happened because an `Annotated` type alias using the `type` statement was used, or if the `Field()` function was attached to a single member of a union type.
  warnings.warn(
Process SpawnProcess-1:
Traceback (most recent call last):
  File "/usr/local/lib/python3.13/multiprocessing/process.py", line 313, in _bootstrap
    self.run()
    ~~~~~~~~^^
  File "/usr/local/lib/python3.13/multiprocessing/process.py", line 108, in run
    self._target(*self._args, **self._kwargs)
    ~~~~~~~~~~~~^^^^^^^^^^^^^^^^^^^^^^^^^^^^^
  File "/usr/local/lib/python3.13/site-packages/uvicorn/_subprocess.py", line 76, in subprocess_started
    target(sockets=sockets)
    ~~~~~~^^^^^^^^^^^^^^^^^
  File "/usr/local/lib/python3.13/site-packages/uvicorn/server.py", line 61, in run
    return asyncio.run(self.serve(sockets=sockets))
           ~~~~~~~~~~~^^^^^^^^^^^^^^^^^^^^^^^^^^^^^
  File "/usr/local/lib/python3.13/asyncio/runners.py", line 195, in run
    return runner.run(main)
           ~~~~~~~~~~^^^^^^
  File "/usr/local/lib/python3.13/asyncio/runners.py", line 118, in run
    return self._loop.run_until_complete(task)
           ~~~~~~~~~~~~~~~~~~~~~~~~~~~~~^^^^^^
  File "/usr/local/lib/python3.13/asyncio/base_events.py", line 725, in run_until_complete
    return future.result()
           ~~~~~~~~~~~~~^^
  File "/usr/local/lib/python3.13/site-packages/uvicorn/server.py", line 68, in serve
    config.load()
    ~~~~~~~~~~~^^
  File "/usr/local/lib/python3.13/site-packages/uvicorn/config.py", line 467, in load
    self.loaded_app = import_from_string(self.app)
                      ~~~~~~~~~~~~~~~~~~^^^^^^^^^^
  File "/usr/local/lib/python3.13/site-packages/uvicorn/importer.py", line 21, in import_from_string
    module = importlib.import_module(module_str)
  File "/usr/local/lib/python3.13/importlib/__init__.py", line 88, in import_module
    return _bootstrap._gcd_import(name[level:], package, level)
           ~~~~~~~~~~~~~~~~~~~~~~^^^^^^^^^^^^^^^^^^^^^^^^^^^^^^
  File "<frozen importlib._bootstrap>", line 1387, in _gcd_import
  File "<frozen importlib._bootstrap>", line 1360, in _find_and_load
  File "<frozen importlib._bootstrap>", line 1331, in _find_and_load_unlocked
  File "<frozen importlib._bootstrap>", line 935, in _load_unlocked
  File "<frozen importlib._bootstrap_external>", line 1026, in exec_module
  File "<frozen importlib._bootstrap>", line 488, in _call_with_frames_removed
  File "/home/workspace/main.py", line 206, in <module>
    @app.post("/api/auth/token", response_model=Token)
     ~~~~~~~~^^^^^^^^^^^^^^^^^^^^^^^^^^^^^^^^^^^^^^^^^
  File "/usr/local/lib/python3.13/site-packages/fastapi/routing.py", line 921, in decorator
    self.add_api_route(
    ~~~~~~~~~~~~~~~~~~^
        path,
        ^^^^^
    ...<23 lines>...
        generate_unique_id_function=generate_unique_id_function,
        ^^^^^^^^^^^^^^^^^^^^^^^^^^^^^^^^^^^^^^^^^^^^^^^^^^^^^^^^
    )
    ^
  File "/usr/local/lib/python3.13/site-packages/fastapi/routing.py", line 860, in add_api_route
    route = route_class(
        self.prefix + path,
    ...<24 lines>...
        generate_unique_id_function=current_generate_unique_id,
    )
  File "/usr/local/lib/python3.13/site-packages/fastapi/routing.py", line 490, in __init__
    self.dependant = get_dependant(path=self.path_format, call=self.endpoint)
                     ~~~~~~~~~~~~~^^^^^^^^^^^^^^^^^^^^^^^^^^^^^^^^^^^^^^^^^^^
  File "/usr/local/lib/python3.13/site-packages/fastapi/dependencies/utils.py", line 269, in get_dependant
    sub_dependant = get_param_sub_dependant(
        param_name=param_name,
    ...<2 lines>...
        security_scopes=security_scopes,
    )
  File "/usr/local/lib/python3.13/site-packages/fastapi/dependencies/utils.py", line 112, in get_param_sub_dependant
    return get_sub_dependant(
        depends=depends,
    ...<3 lines>...
        security_scopes=security_scopes,
    )
  File "/usr/local/lib/python3.13/site-packages/fastapi/dependencies/utils.py", line 148, in get_sub_dependant
    sub_dependant = get_dependant(
        path=path,
    ...<3 lines>...
        use_cache=depends.use_cache,
    )
  File "/usr/local/lib/python3.13/site-packages/fastapi/dependencies/utils.py", line 290, in get_dependant
    add_param_to_fields(field=param_field, dependant=dependant)
    ~~~~~~~~~~~~~~~~~~~^^^^^^^^^^^^^^^^^^^^^^^^^^^^^^^^^^^^^^^^
  File "/usr/local/lib/python3.13/site-packages/fastapi/dependencies/utils.py", line 470, in add_param_to_fields
    if field_info.in_ == params.ParamTypes.path:
       ^^^^^^^^^^^^^^
AttributeError: 'FieldInfo' object has no attribute 'in_'
